<?xml version="1.0" encoding="UTF-8"?>
<!-- Generated by org.testng.reporters.JUnitReportReporter -->
<testsuite skipped="0" hostname="Umang-PC" name="com.adminpanel.qa.testcases.AddNewBankTest" tests="2" failures="0" timestamp="15 Nov 2017 05:24:09 GMT" time="83.086" errors="0">
  <testcase name="addNewBankTest" time="41.839" classname="com.adminpanel.qa.testcases.AddNewBankTest"/>
  <testcase name="addNewBankTest" time="41.247" classname="com.adminpanel.qa.testcases.AddNewBankTest"/>
</testsuite> <!-- com.adminpanel.qa.testcases.AddNewBankTest -->
