<?xml version="1.0" encoding="UTF-8"?>
<!-- Generated by org.testng.reporters.JUnitReportReporter -->
<testsuite skipped="0" hostname="Umang-PC" name="com.adminpanel.qa.testcases.LoginPageTest" tests="2" failures="0" timestamp="08 Nov 2017 11:01:27 GMT" time="25.782" errors="0">
  <testcase name="loginPageTitle" time="8.129" classname="com.adminpanel.qa.testcases.LoginPageTest"/>
  <testcase name="valiateLogin" time="17.653" classname="com.adminpanel.qa.testcases.LoginPageTest"/>
</testsuite> <!-- com.adminpanel.qa.testcases.LoginPageTest -->
