<?xml version="1.0" encoding="UTF-8"?>
<!-- Generated by org.testng.reporters.JUnitReportReporter -->
<testsuite skipped="1" hostname="Umang-PC" name="com.adminpanel.qa.testcases.AddBuilderTest" tests="1" failures="0" timestamp="14 Nov 2017 12:41:19 GMT" time="0.000" errors="0">
  <testcase name="addBuilderTest" time="0.000" classname="com.adminpanel.qa.testcases.AddBuilderTest">
    <skipped/>
  </testcase> <!-- addBuilderTest -->
</testsuite> <!-- com.adminpanel.qa.testcases.AddBuilderTest -->
