<?xml version="1.0" encoding="UTF-8"?>
<!-- Generated by org.testng.reporters.JUnitReportReporter -->
<testsuite skipped="0" hostname="Umang-PC" name="com.adminpanel.qa.testcases.HomePageTest" tests="2" failures="0" timestamp="08 Nov 2017 11:01:27 GMT" time="37.206" errors="0">
  <testcase name="verifyUserNameLabelTest" time="17.251" classname="com.adminpanel.qa.testcases.HomePageTest"/>
  <testcase name="verifyHomePageTitleTest" time="19.955" classname="com.adminpanel.qa.testcases.HomePageTest"/>
</testsuite> <!-- com.adminpanel.qa.testcases.HomePageTest -->
