<?xml version="1.0" encoding="UTF-8"?>
<!-- Generated by org.testng.reporters.JUnitReportReporter -->
<testsuite skipped="0" hostname="Umang-PC" name="com.adminpanel.qa.testcases.BuilderActMgmtTest" tests="1" failures="0" timestamp="13 Nov 2017 13:20:30 GMT" time="26.739" errors="0">
  <testcase name="searchBuilderTest" time="26.739" classname="com.adminpanel.qa.testcases.BuilderActMgmtTest"/>
</testsuite> <!-- com.adminpanel.qa.testcases.BuilderActMgmtTest -->
