<?xml version="1.0" encoding="UTF-8"?>
<!-- Generated by org.testng.reporters.JUnitReportReporter -->
<testsuite skipped="0" hostname="Umang-PC" name="com.adminpanel.qa.testcases.BuilderActMgmtTest" tests="1" failures="0" timestamp="20 Nov 2017 10:10:28 GMT" time="22.924" errors="0">
  <testcase name="searchBuilderTest" time="22.924" classname="com.adminpanel.qa.testcases.BuilderActMgmtTest"/>
</testsuite> <!-- com.adminpanel.qa.testcases.BuilderActMgmtTest -->
